[  00000] Initliing grp ubsys put
[    0.000 Initlingcgrp bss cpu  0.000000] nitializg cgrop bss cpuact[    0000  Lin vsion 4.4.13geeric(bld@lgw0am4-37) (gcc version 5.4.0 20160609 (Ubuntu 5.4.0-6ubuntu1~16.04.10) ) #163-Ubuntu SMP Mon Sep 24 13:14:43 UTC 2018 (Ubuntu 4.4.0-137.163-generic 4.4.144)
[    0.000000] Command line: BOOT_IMAGE=/boot/vmlinuz-4.4.0-137-geneic root=LABEL=cloudimg-rootfs ro console=tty1 console=ttyS0
[    0.000000] KERNEL supported cpus:
[    0.000000]   Intel GenuineIntel
[    0.000000]   AMD AuthenticAMD
[    0.000000]   Centaur CentaurHauls
[    0.000000] x86/fpu: xstate_offset[2]:  576, xstate_sizes[2]:  256
[    0.000000] x86/fpu: Supporting XSAVE feature0x01: 'x87 floating point rgier'
[    0.000000]86/fpu: upporting XSAVE feature 0x02 'SSE egisers'
[    0.000000] x8fpu: Supprting XSAVE feature 0x04: 'AVX registers'
[    0.000000] x86/fpu: Enabled xstate features 0x7, context size is 832 bytes, using 'standard' format.
[    0.000000] e820: BIOS-provided physical RAM map:
[    0.000000] BIOS-e820: [mem 0x0000000000000000x00000000009fbff] usle
[    0.000000] BIOS-e820: [mem 0x000000000009fc0-0x000000000009ffff] reserved
[    0.000000] BIOS-e820: [mem 0x00000000000f0000-0x00000000000fffff] reserved
[    0.000000] BIOS-e820: [mem 0x00000000001000-x00000dffeffff] usable
[    0.000000]IOS-e820: [mem 0x00000000dfff0000-0x00000000dfffffff] ACPI data
[    0.000000] BIOS-e820: [mem 0x0000000fec00000-0x00000000fec00fff] reserved
  0.00000]IOe820:[m 0x00000000fee00000-0x00000000fee00fff] reserved
[    0.000000] BIOS-e820: [em 0x00000000fffc0000-0x00000000ffffffff] reserved
[  000000 BIOS-e20: [em0x0000000000000-0x00000011fffffff] usable
[    0.000000] NX (Execute Disable) protection: active
[    0.000000] SMBIOS 2.5 present.
[    0.000000] Hypervisor detected: KVM
[    0.000000] e820: last_pfn = 0x120000 max_arch_pfn = 0x400000000
[    0.000000] MTRR: Disabled
[    0.000000] x86/PAT: MTRRs disabled, skipping PAT initialization too.
[    0.000000] CPU MTRRs all blank - virtualized system.
[    0.000000] x86/PAT: Configuration [0-7]: WB  WT  UC- UC  WB  WT  UC- UC  
[    0.000000] e820: last_pfn = 0xdfff0 max_arch_pfn = 0x400000000
[    0.000000] found SMP MP-table at [mem 0x0009fff0-0x0009ffff] mapped at [ffff88000009fff0]
[    0.000000] Scanning 1 areas for low memory corruption
[    0.000000] RAMDISK: [mem 0x3630a000-0x3717cfff]
[    0.000000] ACPI: Early table checksum verification disabled
[    0.000000] ACPI: RSDP 0x00000000000E0000 000024 (v02 VBOX  )
[    0.000000] ACPI: XSDT 0x00000000DFFF0030 00003C (v01 VBOX   VBOXXSDT 00000001 ASL  00000061)
[    0.000000] ACPI: FACP 0x00000000DFFF00F0 0000F (v04 BO  BOXFCP00001 ASL  00000061)
[     0.000000] ACPI: DSDT 0x00000000DFFF0470 0021FF (v02 VBOX   VBOXBIOS 00000002 INTL 20100528)
[    0.0000] ACPI: FACS 0x00000000DFFF0200 000040
[    0.000000] ACPI: FACS 0x0000000DFFF0200 00040
[    0.000000] ACPI: APIC  0x00000000DFFF0240 00005C (v02 VBOX  BOAPIC 0000001 ASL  000061)
[    0.000000] ACPI: SSDT 0x00000000DFFF02A0 0001CC (v01 VBOX   VBOXCPUT 00000002 INTL 2010058)
[    0.000000] No NUMA configuration found
[    0.000000] Faking a node at [mem 0x0000000000000000-0x000000011fffffff]
[    0.000000] NODE_DATA(0) allocated [mem 0x11fff7000-0x11fffbfff]
[    0.000000] kvm-clock: Using msrs 4b564d01 and 4b564d00
[    0.000000] kvm-clock: cpu 0, msr 1:1ffef001, primary cpu clock
[    0.000000] kvm-clock: using sched offset of 4623790219 cycles
[   0.00000]loksourc k-cloc mk:0xfffffffffff x_cls: 0xd42e4dffb, max_idle_ns: 881590591483 ns
[    0.000000] Zone ranges:
[    0.000000]   DMA      [mem 0x0000000000001000-0x0000000000ffffff]
[    0.00000  MA2    [m 000000000000x00000000ffffffff]

[    0.00000]  rmal  emx00000100000-0x0001ffffff]
[   0000000]   Device   empty
[    0.000000] Movable zone start for each node
[    0.000000] Early memory node ranges
[    0.000000]   node   0: [mem 0x0000000000001000-0x000000000009efff]
[    0.000000]   node   0: [mem 0x0000000000100000-0x00000000dffeffff]
[    0.000000]   node   0: [mem 0x0000000100000000-0x000000011fffffff]
[    0.000000] nimem setup node 0 [mem 0x0000000001000-0x000000011fffffff]
[    0.000000] ACPI: PM-Timer IO Port: 0x4008
[    0.000000] IOAPIC[0]: apic_d 2, version 32, address 0xfec000000, GSI 0-23
[    0.000000] ACPI: INT_SRC_OVR (bus 0 bus_irq 0 global_irq 2 dfl dfl)
[    0.000000] ACPI: INT_SRC_OVR (bus 0 bus_irq 9 global_irq 9 low level)
[    0.000000] Using ACPI (MADT) for SMP configuration information
[    0.000000] smpboot: Allowing 2 CPUs, 0 hotplug CPUs
[    0.000000] PM: Registered nosave memory: [mem 0x00000000-0x00000fff]
[    0.00000] PM: Registered nosave memory: [mem 0x0009000-0x0009ffff]
[    0.000000] PM: Registered nosave memory: [mem 0000a0000-0x000effff]
[    0.000000] PM: Registered nosave memory: [mem 0x0f000x00fff]
[   .000] PM: Rgierd noavmery: me0xfff000xdfffff
   00000PM: egtered nosave memory: [mm 0xe0000000-0xfebfffff
[    0.000000] PM: Registered nosave memory: [mem 0xfec00000-0xfec00fff]
[    0.000000] PM: Reistered nosave memory: [mem 0xfec01000-0xfedfffff]
[    0.000000] PM: Registered nosave memory: [mem 0xfee00000-0xfee00fff]
[    0.000000] PM: Registered nosave memory: [mem 0xfee01000-0xfffbffff]
[    0.000000] PM: Registered nosave memory: [mem 0xfffc0000-0xffffffff]
[    0.000000] e820: [mem 0xe0000000-0xfebfffff] available for PCI devices
[    0.000000] Booting paravirtualized kernel on KVM
[    0.000000] clocksource: refined-jiffies: mask: 0xffffffff max_cycles: 0xffffffff, max_idle_ns: 7645519600211568 ns
[    0.000000] setup_percpu: NR_CPUS:512 nr_cpumask_bits:512 nr_cpu_ids:2 nr_node_ids:1
[    0.000000] PERCPU: Embedded 34 pages/cpu @ffff88011fc00000 s99608 r8192 d31464 u1048576
[    0.000000] PV qspinlock hash table entries: 256 (order: 0, 4096 bytes)
[    0.000000] Built 1 zonelists in Node order, mobility grouping on.  Total pages: 1032056
[   0.000000] Policy zone: Normal
[    0.000000] Kernel command line: BOOT_IMAGE=/boot/vmlinuz-4.4.0-137-generic root=LABEL=cloudimg-rootfs ro console=tty1 console=ttyS0
[    0.000000] PID hash table entries: 4096 (order: 3, 32768 bytes)
[    0.000000] Memory: 4028220K/4193848K available (8555K kernel code, 1314K rwdata, 4004K rodata, 1528K init, 1316K bss, 165628K reserved, 0K cma-reserved)
[    0.000000] SLUB: HWalign=64, Order=0-3, MinObjects=0, CPUs=2, Nodes=1
[  0.00000KeelUseragtables isatn: enabled
[    0.000000] Hierarchical RCU implementaion.
[    0.000000] 	Build-time adjustment of leaf fanout to 64.
[    0.000000] 	RCU restricting CPUs from NR_CPUS=512 to nr_cpu_ids=2.
[    0.000000] RCU: Adjusting geometry for rcu_fanout_leaf=64, nr_cpu_s=
[    0.0000 NR_IRQS30 nr_rq440 16
[    0.000000] Console: colour VGA+ 80x25
[    0.000000] console [tty1] enabled
[    0.000000] console [ttyS0] enabled
[    0.000000] tsc: Detected 2303.998 MHz processor
[    4.512404] Calibrating delay loop (skipped) preset value.. 4607.99 BogoMIPS (lpj=9215992)
[    4.516710] pid_max: default: 32768 minimum: 301
[    4.518498] ACPI: Core revision 20150930
[    4.521674] ACPI: 2 ACPI AML tables successfully acquired and loaded
[    4.558368] Security Framework initialized
[    4.575465] Yama: becoming mindful.
[    4.578549] AppArmor: AppArmor initialized
[    4.592017] Dentry cache hash table entries: 524288 (order: 10, 4194304 bytes)
[    4.624031] Inode-cache hash table entries: 262144 (order: 9, 2097152 bytes)
[    4.695939] Mount-cache hash table entries: 8192 (order: 4, 65536 bytes)
[    4.698730] Mountpoint-cache hash table entries: 8192 (order: 4, 65536 bytes)
[    4.760478] Initializing cgroup subsys io
[    4.783192] Initializing cgroup subsys memory
[    4.816456] Initializing cgroup subsys devices
[    4.819163] Initializing cgroup subsys freezer
[    4.859598] Initializing cgroup subsys net_cls
[    4.861496] Initializing cgroup subsys perf_event
[    4.879092] Initializing cgroup subsys net_prio
[    4.925339] Initializing cgroup subsys hugetlb
[    4.927684] Initializing cgroup subsys pids
[    4.931133] mce: CPU supports 0 MCE banks
[    4.951982] Last level iTLB entries: 4KB 64, 2MB 8, 4MB 8
[    4.999208] Last level dTLB entries: 4KB 64, 2MB 0, 4MB 0, 1GB 4
[    5.060274] Spectre V2 : Mitigation: Full generic retpoline
[    5.080649] Spectre V2 : Spectre v2 mitigation: Speculation control IBPB not-supported IBRS not-supported
[    5.159648] Spectre V2 : Spectre v2 / SpectreRSB mitigation: Filling RSB on context switch
[    5.178662] Speculative Store Bypass: Vulnerable
[    5.245496] Freeing SMP alternatives memory: 32K
[    5.283760] ftrace: allocating 32265 entries in 127 pages
[    5.345734] smpboot: APIC(0) Converting physical 0 to logical package 0
[    5.377873] smpboot: Max logical packages: 1
[    5.394144] x2apic enabled
[    5.414913] Switched APIC routing to physical x2apic.
[    5.443413] ..TIMER: vector=0x30 apic1=0 pin1=2 apic2=-1 pin2=-1
[    5.578777] smpboot: CPU0: Intel(R) Core(TM) i5-7360U CPU @ 2.30GHz (family: 0x6, model: 0x8e, stepping: 0x9)
[    5.623725] Performance Events: unsupported p6 CPU model 142 no PMU driver, software events only.
[    5.633465] KVM setup paravirtual spinlock
[    5.640238] x86: Booting SMP configuration:
[    5.641509] .... node  #0, CPUs:      #1
[    5.648392] kvm-clock: cpu 1, msr 1:1ffef041, secondary cpu clock
[    5.651352] mce: CPU supports 0 MCE banks
[    5.654595] x86: Booted up 1 node, 2 CPUs
[    5.663450] smpboot: Total of 2 processors activated (9215.99 BogoMIPS)
[    5.675674] devtmpfs: initialized
[    5.682923] evm: security.selinux
[    5.693423] evm: security.SMACK64
[    5.696349] evm: security.SMACK64EXEC
[    5.700228] evm: security.SMACK64TRANSMUTE
[    5.708162] evm: security.SMACK64MMAP
[    5.716229] evm: security.ima
[    5.720321] evm: security.capability
[    5.725087] clocksource: jiffies: mask: 0xffffffff max_cycles: 0xffffffff, max_idle_ns: 7645041785100000 ns
[    5.763323] futex hash table entries: 512 (order: 3, 32768 bytes)
[    5.784737] pinctrl core: initialized pinctrl subsystem
[    5.786953] RTC time: 17:13:05, date: 10/17/18
[    5.788852] NET: Registered protocol family 16
[    5.802827] cpuidle: using governor ladder
[    5.830147] cpuidle: using governor menu
[    5.859537] PCCT header not found.
[    5.895656] ACPI: bus type PCI registered
[    5.897387] acpiphp: ACPI Hot Plug PCI Controller Driver version: 0.5
[    5.967632] PCI: Using configuration type 1 for base access
[    6.040385] ACPI: Added _OSI(Module Device)
[    6.083763] ACPI: Added _OSI(Processor Device)
[    6.122282] ACPI: Added _OSI(3.0 _SCP Extensions)
[    6.176125] ACPI: Added _OSI(Processor Aggregator Device)
[    6.185912] ACPI: Executed 1 blocks of module-level executable AML code
[    6.190624] ACPI: Interpreter enabled
[    6.199936] ACPI: (supports S0 S5)
[    6.201038] ACPI: Using IOAPIC for interrupt routing
[    6.202652] PCI: Using host bridge windows from ACPI; if necessary, use "pci=nocrs" and report a bug
[    6.209597] ACPI: PCI Root Bridge [PCI0] (domain 0000 [bus 00-ff])
[    6.211924] acpi PNP0A03:00: _OSC: OS supports [ASPM ClockPM Segments MSI]
[    6.214541] acpi PNP0A03:00: _OSC: not requesting OS control; OS requires [ExtendedConfig ASPM ClockPM MSI]
[    6.219393] acpi PNP0A03:00: fail to add MMCONFIG information, can't access extended PCI configuration space under this bridge.
[    6.224128] PCI host bridge to bus 0000:00
[    6.233826] pci_bus 0000:00: root bus resource [io  0x0000-0x0cf7 window]
[    6.236337] pci_bus 0000:00: root bus resource [io  0x0d00-0xffff window]
[    6.238376] pci_bus 0000:00: root bus resource [mem 0x000a0000-0x000bffff window]
[    6.247712] pci_bus 0000:00: root bus resource [mem 0xe0000000-0xfdffffff window]
[    6.274012] pci_bus 0000:00: root bus resource [bus 00-ff]
[    6.322906] pci 0000:00:01.1: legacy IDE quirk: reg 0x10: [io  0x01f0-0x01f7]
[    6.331301] pci 0000:00:01.1: legacy IDE quirk: reg 0x14: [io  0x03f6]
[    6.384857] pci 0000:00:01.1: legacy IDE quirk: reg 0x18: [io  0x0170-0x0177]
[    6.435989] pci 0000:00:01.1: legacy IDE quirk: reg 0x1c: [io  0x0376]
[    6.521505] pci 0000:00:07.0: quirk: [io  0x4000-0x403f] claimed by PIIX4 ACPI
[    6.552993] pci 0000:00:07.0: quirk: [io  0x4100-0x410f] claimed by PIIX4 SMB
[    6.569214] ACPI: PCI Interrupt Link [LNKA] (IRQs 5 9 10 *11)
[    6.572213] ACPI: PCI Interrupt Link [LNKB] (IRQs 5 9 *10 11)
[    6.575080] ACPI: PCI Interrupt Link [LNKC] (IRQs 5 *9 10 11)
[    6.577805] ACPI: PCI Interrupt Link [LNKD] (IRQs 5 9 10 *11)
[    6.580592] ACPI: Enabled 2 GPEs in block 00 to 07
[    6.582940] vgaarb: setting as boot device: PCI:0000:00:02.0
[    6.589318] vgaarb: device added: PCI:0000:00:02.0,decodes=io+mem,owns=io+mem,locks=none
[    6.592509] vgaarb: loaded
[    6.593738] vgaarb: bridge control possible 0000:00:02.0
[    6.601425] SCSI subsystem initialized
[    6.604348] ACPI: bus type USB registered
[    6.606106] usbcore: registered new interface driver usbfs
[    6.636851] usbcore: registered new interface driver hub
[    6.660227] usbcore: registered new device driver usb
[    6.709762] PCI: Using ACPI for IRQ routing
[    6.724644] NetLabel: Initializing
[    6.737081] NetLabel:  domain hash size = 128
[    6.767448] NetLabel:  protocols = UNLABELED CIPSOv4
[    6.769579] NetLabel:  unlabeled traffic allowed by default
[    6.772333] amd_nb: Cannot enumerate AMD northbridges
[    6.774342] clocksource: Switched to clocksource kvm-clock
[    6.785891] AppArmor: AppArmor Filesystem Enabled
[    6.787830] pnp: PnP ACPI init
[    6.790175] pnp: PnP ACPI: found 3 devices
[    6.810044] clocksource: acpi_pm: mask: 0xffffff max_cycles: 0xffffff, maxid_n 2085701024 ns
[    6.975711] NET: Registered protocol family 2

[    6.977362] TCP established hash table entries: 32768 (order: 6, 262144 bytes)
[    6.980481] TCP bind hash table entries: 32768 (order: 7, 524288 bytes)
[    .950 TC: shabs nfurd (etaisd 76bi 368
[  785665] UDP hash table entries: 2048 (order: 4, 65536 bytes)
[    7.772432] UDP-Lite hash table entries: 2048 (order: 4, 65536 bytes)
[    7.77516 NET: Registered protocol family 1
[    7.821212] pci 0000:00:00.0: Limiting direct PCI/PCI transfers
[    7.823472] pci 0000:00:01.0: Activating ISA DMA hang workarounds
[  725938] Unpacking initramfs...

[    8.161251] Freeing initrd memory: 14796K
[    8.269447] PCI-DMA: Using software bounce buffering for IO (SWIOTLB)
[    8.273664] software IO TLB [mem 0xdbff0000-0xdfff0000] (64MB) mapped at [ffff8800dbff0000-ffff8800dffeffff]
[    8.290933] platform rtc_cmos: registered platform RTC device (no PNP device found)
[    8.306644] Scanning for low memory corruption every 60 seconds
[    8.309455] audit: initializing netlink subsys (disabled)
[    8.311055] audit: type=2000 audit(1539796387.645:1): initialized
[    8.313112] Initialise system trusted keyring
[    8.314834] HugeTLB registered 2 MB page size, pre-allocated 0 pages
[    8.325099] zbud: loaded
[    8.326537] VFS: Disk quotas dquot_6.6.0
[    8.328157] VFS: Dquot-cache hash table entries: 512 (order 0, 4096 bytes)
[    8.330956] squashfs: version 4.0 (2009/01/31) Phillip Lougher
[    8.333537] fuse init (API version 7.23)
[    8.335351] Key type big_key registered
[    8.336881] Allocating IMA MOK and blacklist keyrings.
[    8.340628] Key type asymmetric registered
[    8.342232] Asymmetric key parser 'x509' registered
[    8.344156] Block layer SCSI generic (bsg) driver version 0.4 loaded (major 249)
[    8.347389] io scheduler noop registered
[    8.349025] io scheduler deadline registered (default)
[    8.365363] io scheduler cfq registered
[    8.411555] pci_hotplug: PCI Hot Plug PCI Core version: 0.5
[    8.428344] pciehp: PCI Express Hot Plug Controller Driver version: 0.4
[    8.484271] ACPI: AC Adapter [AC] (off-line)
[    8.566733] input: Power Button as /devices/LNXSYSTM:00/LNXPWRBN:00/input/input0
[    8.663889] ACPI: Power Button [PWRF]
[    8.696454] input: Sleep Button as /devices/LNXSYSTM:00/LNXSLPBN:00/input/input1
[    8.700140] ACPI: Sleep Button [SLPF]
[    8.705553] ACPI: Battery Slot [BAT0] (battery present)
[    8.707680] GHES: HEST is not enabled!
[    8.736994] Serial: 8250/16550 driver, 32 ports, IRQ sharing enabled
[    8.763730] 00:02: ttyS0 at I/O 0x3f8 (irq = 4, base_baud = 115200) is a 16550A
[    8.820564] Linux agpgart interface v0.103
[    8.897784] loop: module loaded
[    8.986729] scsi host0: ata_piix
[    9.036311] scsi host1: ata_piix
[    9.046219] ata1: PATA max UDMA/33 cmd 0x1f0 ctl 0x3f6 bmdma 0xd000 irq 14
[    9.057909] ata2: PATA max UDMA/33 cmd 0x170 ctl 0x376 bmdma 0xd008 irq 15
[    9.061406] libphy: Fixed MDIO Bus: probed
[    9.073121] tun: Universal TUN/TAP device driver, 1.6
[    9.082560] tun: (C) 1999-2004 Max Krasnyansky <maxk@qualcomm.com>
[    9.087981] PPP generic driver version 2.4.2
[    9.091094] ehci_hcd: USB 2.0 'Enhanced' Host Controller (EHCI) Driver
[    9.098281] ehci-pci: EHCI PCI platform driver
[    9.103249] ehci-platform: EHCI generic platform driver
[    9.109897] ohci_hcd: USB 1.1 'Open' Host Controller (OHCI) Driver
[    9.117719] ohci-pci: OHCI PCI platform driver
[    9.122578] ohci-platform: OHCI generic platform driver
[    9.130049] uhci_hcd: USB Universal Host Controller Interface driver
[    9.136576] i8042: PNP: PS/2 Controller [PNP0303:PS2K,PNP0f03:PS2M] at 0x60,0x64 irq 1,12
[    9.143860] serio: i8042 KBD port at 0x60,0x64 irq 1
[    9.152297] serio: i8042 AUX port at 0x60,0x64 irq 12
[    9.157757] mousedev: PS/2 mouse device common for all mice
[    9.164886] rtc_cmos rtc_cmos: rtc core: registered rtc_cmos as rtc0
[    9.184152] input: AT Translated Set 2 keyboard as /devices/platform/i8042/serio0/input/input2
[    9.281742] rtc_cmos rtc_cmos: alarms up to one day, 114 bytes nvram
[    9.307398] i2c /dev entries driver
[    9.318307] device-mapper: uevent: version 1.0.3
[    9.334394] device-mapper: ioctl: 4.34.0-ioctl (2015-10-28) initialised: dm-devel@redhat.com
[    9.334504] tsc: Refined TSC clocksource calibration: 2302.995 MHz
[    9.334506] clocksource: tsc: mask: 0xffffffffffffffff max_cycles: 0x21324276383, max_idle_ns: 440795208251 ns
[    9.555130] ledtrig-cpu: registered to indicate activity on CPUs
[    9.558558] NET: Registered protocol family 10
[    9.614542] NET: Registered protocol family 17
[    9.670933] Key type dns_resolver registered
[    9.745611] registered taskstats version 1
[    9.817001] Loading compiled-in X.509 certificates
[    9.886566] Loaded X.509 cert 'Build time autogenerated kernel key: 20acc96b50ca7641011eace69d32209215a9b56f'
[    9.955079] zswap: loaded using pool lzo/zbud
[    9.958843] Key type trusted registered
[    9.966549] Key type encrypted registered
[    9.968535] AppArmor: AppArmor sha1 policy hashing enabled
[    9.971010] ima: No TPM chip found, activating TPM-bypass!
[    9.973159] ima: Allocated hash algorithm: sha1
[    9.974985] evm: HMAC attrs: 0x1
[    9.976802]   Magic number: 6:274:239
[    9.978430] rtc_cmos rtc_cmos: setting system clock to 2018-10-17 17:13:09 UTC (1539796389)
[    9.981938] BIOS EDD facility v0.16 2004-Jun-25, 0 devices found
[    9.984332] EDD information not available.
[    9.987561] Freeing unused kernel memory: 1528K
[    9.998731] Write protecting the kernel read-only data: 14336k
[   10.001989] Freeing unused kernel memory: 1672K
[   10.004363] Freeing unused kernel memory: 92K
Loading, please [   10.024656] random: systemd-udevd: uninitialized urandom read (16 bytes read, 5 bits of entropy available)
wait...
starting version 229
[   10.025276] random: udevadm: uninitialized urandom read (16 bytes read, 5 bits of entropy available)
[   10.025292] random: udevadm: uninitialized urandom read (16 bytes read, 5 bits of entropy available)
[   10.031158] random: udevadm: uninitialized urandom read (16 bytes read, 5 bits of entropy available)
[   10.031191] random: udevadm: uninitialized urandom read (16 bytes read, 5 bits of entropy available)
[   10.031367] random: udevadm: uninitialized urandom read (16 bytes read, 5 bits of entropy available)
[   10.031406] random: udevadm: uninitialized urandom read (16 bytes read, 5 bits of entropy available)
[   10.031442] random: udevadm: uninitialized urandom read (16 bytes read, 5 bits of entropy available)
[   10.031476] random: udevadm: uninitialized urandom read (16 bytes read, 5 bits of entropy available)
[   10.031510] random: udevadm: uninitialized urandom read (16 bytes read, 5 bits of entropy available)
[   10.295871] e1000: Intel(R) PRO/1000 Network Driver - version 7.3.21-k8-NAPI
[   10.304550] e1000: Copyright (c) 1999-2006 Intel Corporation.
[   10.314898] Fusion MPT base driver 3.04.20
[   10.342299] Copyright (c) 1999-2008 LSI Corporation
[   10.356723] Fusion MPT SPI Host driver 3.04.20
[   10.359269] mptbase: ioc0: Initiating bringup
[   10.367672] AVX2 version of gcm_enc/dec engaged.
[   10.369229] AES CTR mode by8 optimization enabled
[   10.475759] ioc0: LSI53C1030 A0: Capabilities={Initiator}
[   11.182124] input: ImExPS/2 Generic Explorer Mouse as /devices/platform/i8042/serio1/input/input4
[   12.030280] scsi host2: ioc0: LSI53C1030 A0, FwRev=00000000h, Ports=1, MaxQ=256, IRQ=20
[   12.386751] scsi 2:0:0:0: Direct-Access     VBOX     HARDDISK         1.0  PQ: 0 ANSI: 5
[   13.107182] scsi target2:0:0: Beginning Domain Validation
[   13.150072] scsi target2:0:0: Domain Validation skipping write tests
[   13.152593] scsi target2:0:0: Ending Domain Validation
[   13.154878] scsi target2:0:0: asynchronous
[   13.158560] scsi 2:0:1:0: Direct-Access     VBOX     HARDDISK         1.0  PQ: 0 ANSI: 5
[   13.162060] scsi target2:0:1: Beginning Domain Validation
[   13.165678] scsi target2:0:1: Domain Validation skipping write tests
[   13.168418] scsi target2:0:1: Ending Domain Validation
[   13.170735] scsi target2:0:1: asynchronous
[   13.195453] sd 2:0:0:0: Attached scsi generic sg0 type 0
[   13.197778] sd 2:0:0:0: [sda] 20971520 512-byte logical blocks: (10.7 GB/10.0 GiB)
[   13.201632] sd 2:0:1:0: [sdb] 20480 512-byte logical blocks: (10.5 MB/10.0 MiB)
[   13.204945] sd 2:0:1:0: Attached scsi generic sg1 type 0
[   13.212890] sd 2:0:1:0: [sdb] Write Protect is off
[   13.215045] sd 2:0:0:0: [sda] Write Protect is off
[   13.217225] sd 2:0:1:0: [sdb] Incomplete mode parameter data
[   13.219659] sd 2:0:1:0: [sdb] Assuming drive cache: write through
[   13.222205] sd 2:0:0:0: [sda] Incomplete mode parameter data
[   13.224674] sd 2:0:0:0: [sda] Assuming drive cache: write through
[   13.229281]  sda: sda1
[   13.236610] sd 2:0:1:0: [sdb] Attached SCSI disk
[   13.259146] sd 2:0:0:0: [sda] Attached SCSI disk
[   13.533860] e1000 0000:00:03.0 eth0: (PCI:33MHz:32-bit) 02:5a:4b:c7:3e:fa
[   13.623724] e1000 0000:00:03.0 eth0: Intel(R) PRO/1000 Network Connection
[   13.643628] e1000 0000:00:03.0 enp0s3: renamed from eth0
Begin: Loading e[   15.017515] md: linear personality registered for level -1
ssential drivers ... [   15.052622] md: multipath personality registered for level -4
[   15.068377] md: raid0 personality registered for level 0
[   15.073245] md: raid1 personality registered for level 1
[   15.146479] raid6: sse2x1   gen() 11101 MB/s
[   15.218612] raid6: sse2x1   xor()  9197 MB/s
[   15.290528] raid6: sse2x2   gen() 14878 MB/s
[   15.402536] raid6: sse2x2   xor() 10102 MB/s
[   15.490544] raid6: sse2x4   gen() 15296 MB/s
[   15.614509] raid6: sse2x4   xor() 11176 MB/s
[   15.682540] raid6: avx2x1   gen() 24473 MB/s
[   15.754462] raid6: avx2x2   gen() 27544 MB/s
[   15.882540] raid6: avx2x4   gen() 30794 MB/s
[   15.896637] raid6: using algorithm avx2x4 gen() 30794 MB/s
[   15.899397] raid6: using avx2x2 recovery algorithm
[   15.904046] xor: automatically using best checksumming function:
[   15.946369]    avx       : 27734.000 MB/sec
[   15.954141] async_tx: api initialized (async)
[   15.985438] md: raid6 personality registered for level 6
[   16.004764] md: raid5 personality registered for level 5
[   16.031219] md: raid4 personality registered for level 4
[   16.084148] md: raid10 personality registered for level 10
done.
Begin: Running /scripts/init-pre[   16.158821] Btrfs loaded
mount ... done.
Begin: Mounting root file system ... Begin: Running /scripts/local-top ... done.
Begin: Running /scripts/local-premount ... Scanning for Btrfs filesystems
done.
Warning: fsck not present, so sk[   16.254424] EXT4-fs (sda1): mounted filesystem with ordered data mode. Opts: (null)
ipping root file system
done.
Begin: Running /scripts/local-bottom ... done.
Begin: Running /scripts/init-bottom ... done.
[   16.466988] systemd[1]: systemd 229 running in system mode. (+PAM +AUDIT +SELINUX +IMA +APPARMOR +SMACK +SYSVINIT +UTMP +LIBCRYPTSETUP +GCRYPT +GNUTLS +ACL +XZ -LZ4 +SECCOMP +BLKID +ELFUTILS +KMOD -IDN)
[   16.633808] systemd[1]: Detected virtualization oracle.
[   16.637684] systemd[1]: Detected architecture x86-64.

Welcome to [1mUbuntu 16.04.5 LTS[0m!

[   16.646534] systemd[1]: Set hostname to <ubuntu>.
[   16.651059] systemd[1]: Initializing machine ID from random generator.
[   16.653628] systemd[1]: Installed transient /etc/machine-id file.
[   16.866922] systemd[1]: Listening on Journal Socket.
[[0;32m  OK  [0m] Listening on Journal Socket.
[   16.889319] systemd[1]: Reached target System Time Synchronized.
[[0;32m  OK  [0m] Reached target System Time Synchronized.
[   16.988691] systemd[1]: Set up automount Arbitrary Executable File Formats File System Automount Point.
[[0;32m  OK  [0m] Set up automount Arbitrary Executab...ats File System Automount Point.
[   17.019430] systemd[1]: Reached target Encrypted Volumes.
[[0;32m  OK  [0m] Reached target Encrypted Volumes.
[   17.051538] systemd[1]: Reached target User and Group Name Lookups.
[[0;32m  OK  [0m] Reached target User and Group Name Lookups.
[   17.058251] systemd[1]: Listening on Syslog Socket.
[[0;32m  OK  [0m] Listening on Syslog Socket.
[   17.063701] systemd[1]: Listening on LVM2 poll daemon socket.
[[0;32m  OK  [0m] Listening on LVM2 poll daemon socket.
[   17.072918] systemd[1]: Created slice System Slice.
[[0;32m  OK  [0m] Created slice System Slice.
[   17.130960] systemd[1]: Starting Load Kernel Modules...
         Starting Load Kernel Modules...
[   17.148566] systemd[1]: Starting Remount Root and Kernel File Systems...
[   17.173723] Loading iSCSI transport class v2.0-870.
         [   17.199814] EXT4-fs (sda1): re-mounted. Opts: (null)
Starting Remount[   17.222706] iscsi: registered transport (tcp)
 Root and Kernel[   17.297533] random: nonblocking pool is initialized
 File Systems...
[   17.350703] systemd[1]: Starting Create list of required static device nodes for the current kernel...
         Starting Create list of required st... nodes for the cu[   17.365563] iscsi: registered transport (iser)
rrent kernel...
[   17.456212] systemd[1]: Created slice system-serial\x2dgetty.slice.
[[0;32m  OK  [0m] Created slice system-serial\x2dgetty.slice.
[   17.499297] systemd[1]: Starting Set console keymap...
         Starting Set console keymap...
[   17.587008] systemd[1]: Starting Nameserver information manager...
         Starting Nameserver information manager...
[   17.634927] systemd[1]: Starting Uncomplicated firewall...
         Starting Uncomplicated firewall...
[   17.687315] systemd[1]: Mounting Huge Pages File System...
         Mounting Huge Pages File System...
[   17.755289] systemd[1]: Listening on /dev/initctl Compatibility Named Pipe.
[[0;32m  OK  [0m] Listening on /dev/initctl Compatibility Named Pipe.
[   17.851226] systemd[1]: Listening on udev Control Socket.
[[0;32m  OK  [0m] Listening on udev Control Socket.
[   17.882879] systemd[1]: Created slice User and Session Slice.
[[0;32m  OK  [0m] Created slice User and Session Slice.
[   17.888309] systemd[1]: Reached target Slices.
[[0;32m  OK  [0m] Reached target Slices.
[   17.927086] systemd[1]: Listening on Journal Audit Socket.
[[0;32m  OK  [0m] Listening on Journal Audit Socket.
[   18.107110] systemd[1]: Listening on Device-mapper event daemon FIFOs.
[[0;32m  OK  [0m] Listening on Device-mapper event daemon FIFOs.
[   18.214704] systemd[1]: Mounting Debug File System...
         Mounting Debug File System...
[   18.219035] systemd[1]: Listening on udev Kernel Socket.
[[0;32m  OK  [0m] Listening on udev Kernel Socket.
[   18.225098] systemd[1]: Reached target Swap.
[[0;32m  OK  [0m] Reached target Swap.
[   18.231499] systemd[1]: Mounting POSIX Message Queue File System...
         Mounting POSIX Message Queue File System...
[   18.256083] systemd[1]: Listening on LVM2 metadata daemon socket.
[[0;32m  OK  [0m] Listening on LVM2 metadata daemon socket.
[   18.272442] systemd[1]: Listening on Journal Socket (/dev/log).
[[0;32m  OK  [0m] Listening on Journal Socket (/dev/log).
[   18.307015] systemd[1]: Starting Journal Service...
         Starting Journal Service...
[   18.358611] systemd[1]: Starting Monitoring of LVM2 mirrors, snapshots etc. using dmeventd or progress polling...
         Starting Monitoring of LVM2 mirrors... dmeventd or progress polling...
[   18.472690] systemd[1]: Started Forward Password Requests to Wall Directory Watch.
[[0;32m  OK  [0m] Started Forward Password Requests to Wall Directory Watch.
[   18.679991] systemd[1]: Started Trigger resolvconf update for networkd DNS.
[[0;32m  OK  [0m] Started Trigger resolvconf update for networkd DNS.
[   18.755648] systemd[1]: Mounted POSIX Message Queue File System.
[[0;32m  OK  [0m] Mounted POSIX Message Queue File System.
[   18.759954] systemd[1]: Mounted Debug File System.
[[0;32m  OK  [0m] Mounted Debug File System.
[   18.763869] systemd[1]: Mounted Huge Pages File System.
[[0;32m  OK  [0m] Mounted Huge Pages File System.
[   18.768448] systemd[1]: Started Journal Service.
[[0;32m  OK  [0m] Started Journal Service.
[[0;32m  OK  [0m] Started Load Kernel Modules.
[[0;32m  OK  [0m] Started Remount Root and Kernel File Systems.
[[0;32m  OK  [0m] Started Create list of required sta...ce nodes for the current kernel.
[[0;32m  OK  [0m] Started Set console keymap.
[[0;32m  OK  [0m] Started Uncomplicated firewall.
[[0;32m  OK  [0m] Started Nameserver information manager.
[[0;32m  OK  [0m] Started LVM2 metadata daemon.
         Starting Create Static Device Nodes in /dev...
         Starting Load/Save Random Seed...
         Starting udev Coldplug all Devices...
         Mounting FUSE Control File System...
         Starting Apply Kernel Variables...
         Starting Flush Journal to Persistent Storage...
[[0;32m  OK  [0m] Mounted FUSE Control File System.
[[0;32m  OK  [0m] Started Load/Save Random Seed.
[[0;32m  OK  [0m] Started Create Static Device Nodes in /dev.
[[0;32m  OK  [0m] Started Apply Kernel Variables.
[[0;32m  OK  [0m] Started udev Coldplug all Devices.
[[0;32m  OK  [0m] Started Flush Journal to Persistent Storage.
         Starting udev Kernel Device Manager...
[[0;32m  OK  [0m] Started Monitoring of LVM2 mirrors,...ng dmeventd or progress polling.
[[0;32m  OK  [0m] Started udev Kernel Device Manager.
[[0;32m  OK  [0m] Reached target Local File Systems (Pre).
[[0;32m  OK  [0m] Reached target Local File Systems.
         Starting LSB: AppArmor initialization...
         Starting Create Volatile Files and Directories...
         Starting Set console font and keymap...
         Starting Tell Plymouth To Write Out Runtime Data...
         Starting Commit a transient machine-id on disk...
         Starting Initial cloud-init job (pre-networking)...
[[0;32m  OK  [0m] Started Dispatch Password Requests to Console Directory Watch.
[[0;32m  OK  [0m] Started Create Volatile Files and Directories.
[[0;32m  OK  [0m] Started Tell Plymouth To Write Out Runtime Data.
         Starting Update UTMP about System Boot/Shutdown...
[[0;32m  OK  [0m] Started Commit a transient machine-id on disk.
[[0;32m  OK  [0m] Started Update UTMP about System Boot/Shutdown.
[[0;32m  OK  [0m] Found device /dev/ttyS0.
[[0;32m  OK  [0m] Listening on Load/Save RF Kill Switch Status /dev/rfkill Watch.
[[0;32m  OK  [0m] Started Set console font and keymap.
[[   14.100543] cloud-init[479]: Cloud-init v. 18.3-9-g2e62cb8a-0ubuntu1~16.04.2 running 'init-local' at Wed, 17 Oct 2018 17:13:19 +0000. Up 13.79 seconds.
[0;32m  OK  [0m] Started LSB: AppArmor initialization.
[[0;32m  OK  [0m] Started Initial cloud-init job (pre-networking).
[[0;32m  OK  [0m] Reached target Network (Pre).
         Starting Raise network interfaces...
[[0;32m  OK  [0m] Created slice system-getty.slice.
[[0;32m  OK  [0m] Started Raise network interfaces.
         Starting Initial cloud-init job (metadata service crawler)...
[[0;32m  OK  [0m] Reached target Network.
[   15.689332] cloud-init[904]: Cloud-init v. 18.3-9-g2e62cb8a-0ubuntu1~16.04.2 running 'init' at Wed, 17 Oct 2018 17:13:20 +0000. Up 14.87 seconds.
[   15.716573] cloud-init[904]: ci-info: ++++++++++++++++++++++++++++++++++++++Net device info++++++++++++++++++++++++++++++++++++++
[   15.737064] cloud-init[904]: ci-info: +--------+------+----------------------------+---------------+--------+-------------------+
[   15.763689] cloud-init[904]: ci-info: | Device |  Up  |          Address           |      Mask     | Scope  |     Hw-Address    |
[   15.764410] cloud-init[904]: ci-info: +--------+------+----------------------------+---------------+--------+-------------------+
[   15.766345] cloud-init[904]: ci-info: | enp0s3 | True |         10.0.2.15          | 255.255.255.0 | global | 02:5a:4b:c7:3e:fa |
[[0;32m  OK  [0m] Started Initial cloud-init job (metadata service crawler).
[   15.766552] cloud-init[904]: ci-info: | enp0s3 | True | fe80::5a:4bff:fec7:3efa/64 |       .       |  link  | 02:5a:4b:c7:3e:fa |
[   15.827052] cloud-init[904]: ci-info: |   lo   | True |         127.0.0.1          |   255.0.0.0   |  host  |         .         |
[   15.827779] cloud-init[904]: ci-info: |   lo   | True |          ::1/128           |       .       |  host  |         .         |
[   15.829776] cloud-init[904]: ci-info: +--------+------+----------------------------+---------------+--------+-------------------+
[[0;32m  OK  [0m] Reached target Network is Online.
[   15.830831] cloud-init[904]: ci-info: +++++++++++++++++++++++++++Route IPv4 info++++++++++++++++++++++++++++
[   15.873771] cloud-init[904]: ci-info: +-------+-------------+----------+---------------+-----------+-------+
[   15.890486] cloud-init[904]: ci-info: | Route | Destination | Gateway  |    Genmask    | Interface | Flags |
[   15.890985] cloud-init[904]: ci-info: +-------+-------------+----------+---------------+-----------+-------+
[   15.891523] cloud-init[904]: ci-info: |   0   |   0.0.0.0   | 10.0.2.2 |    0.0.0.0    |   enp0s3  |   UG  |
[   15.892860] cloud-init[904]: ci-info: |   1   |   10.0.2.0  | 0.0.0.0  | 255.255.255.0 |   enp0s3  |   U   |
[   15.893094] cloud-init[904]: ci-info: +-------+-------------+----------+---------------+-----------+-------+
[   15.893526] cloud-init[904]: ci-info: +++++++++++++++++++Route IPv6 inf